--------------------
./configure --prefix=/root/kodi-rpi/raspberry-pi2-release --static
Sat Jan 18 10:38:12 UTC 2020
=== ztest722491.c ===
extern int getchar();
int hello() {return getchar();}
===
/root/tools/arm-bcm2708/arm-rpi-4.9.3-linux-gnueabihf/bin/arm-linux-gnueabihf-gcc -c ztest722491.c
... using gcc

Checking for obsessive-compulsive compiler options...
=== ztest722491.c ===
int foo() { return 0; }
===
/root/tools/arm-bcm2708/arm-rpi-4.9.3-linux-gnueabihf/bin/arm-linux-gnueabihf-gcc -c -fPIC -mcpu=cortex-a7 -mfloat-abi=hard -mfpu=neon-vfpv4 -mvectorize-with-neon-quad -pipe -mabi=aapcs-linux -Wno-psabi -Wa,-mno-warn-deprecated -Wno-deprecated-declarations -isystem/root/firmware/opt/vc/include -isystem/root/firmware/opt/vc/include/interface/vcos/pthreads -isystem/root/firmware/opt/vc/include/interface/vmcs_host/linux -DNDEBUG=1 -Os -isystem /root/kodi-rpi/raspberry-pi2-release/include ztest722491.c

Building static library libz.a version 1.2.11 with /root/tools/arm-bcm2708/arm-rpi-4.9.3-linux-gnueabihf/bin/arm-linux-gnueabihf-gcc.

=== ztest722491.c ===
#include <stdio.h>
#include <stdlib.h>
size_t dummy = 0;
===
/root/tools/arm-bcm2708/arm-rpi-4.9.3-linux-gnueabihf/bin/arm-linux-gnueabihf-gcc -c -fPIC -mcpu=cortex-a7 -mfloat-abi=hard -mfpu=neon-vfpv4 -mvectorize-with-neon-quad -pipe -mabi=aapcs-linux -Wno-psabi -Wa,-mno-warn-deprecated -Wno-deprecated-declarations -isystem/root/firmware/opt/vc/include -isystem/root/firmware/opt/vc/include/interface/vcos/pthreads -isystem/root/firmware/opt/vc/include/interface/vmcs_host/linux -DNDEBUG=1 -Os -isystem /root/kodi-rpi/raspberry-pi2-release/include ztest722491.c
Checking for size_t... Yes.


=== ztest722491.c ===
#include <sys/types.h>
off64_t dummy = 0;
===
/root/tools/arm-bcm2708/arm-rpi-4.9.3-linux-gnueabihf/bin/arm-linux-gnueabihf-gcc -c -fPIC -mcpu=cortex-a7 -mfloat-abi=hard -mfpu=neon-vfpv4 -mvectorize-with-neon-quad -pipe -mabi=aapcs-linux -Wno-psabi -Wa,-mno-warn-deprecated -Wno-deprecated-declarations -isystem/root/firmware/opt/vc/include -isystem/root/firmware/opt/vc/include/interface/vcos/pthreads -isystem/root/firmware/opt/vc/include/interface/vmcs_host/linux -DNDEBUG=1 -Os -isystem /root/kodi-rpi/raspberry-pi2-release/include -D_LARGEFILE64_SOURCE=1 ztest722491.c
Checking for off64_t... Yes.
Checking for fseeko... Yes.

=== ztest722491.c ===
#include <string.h>
#include <errno.h>
int main() { return strlen(strerror(errno)); }
===
/root/tools/arm-bcm2708/arm-rpi-4.9.3-linux-gnueabihf/bin/arm-linux-gnueabihf-gcc -fPIC -mcpu=cortex-a7 -mfloat-abi=hard -mfpu=neon-vfpv4 -mvectorize-with-neon-quad -pipe -mabi=aapcs-linux -Wno-psabi -Wa,-mno-warn-deprecated -Wno-deprecated-declarations -isystem/root/firmware/opt/vc/include -isystem/root/firmware/opt/vc/include/interface/vcos/pthreads -isystem/root/firmware/opt/vc/include/interface/vmcs_host/linux -DNDEBUG=1 -Os -isystem /root/kodi-rpi/raspberry-pi2-release/include -D_LARGEFILE64_SOURCE=1 -o ztest722491 ztest722491.c
Checking for strerror... Yes.

=== ztest722491.c ===
#include <unistd.h>
int main() { return 0; }
===
/root/tools/arm-bcm2708/arm-rpi-4.9.3-linux-gnueabihf/bin/arm-linux-gnueabihf-gcc -c -fPIC -mcpu=cortex-a7 -mfloat-abi=hard -mfpu=neon-vfpv4 -mvectorize-with-neon-quad -pipe -mabi=aapcs-linux -Wno-psabi -Wa,-mno-warn-deprecated -Wno-deprecated-declarations -isystem/root/firmware/opt/vc/include -isystem/root/firmware/opt/vc/include/interface/vcos/pthreads -isystem/root/firmware/opt/vc/include/interface/vmcs_host/linux -DNDEBUG=1 -Os -isystem /root/kodi-rpi/raspberry-pi2-release/include -D_LARGEFILE64_SOURCE=1 ztest722491.c
Checking for unistd.h... Yes.

=== ztest722491.c ===
#include <stdarg.h>
int main() { return 0; }
===
/root/tools/arm-bcm2708/arm-rpi-4.9.3-linux-gnueabihf/bin/arm-linux-gnueabihf-gcc -c -fPIC -mcpu=cortex-a7 -mfloat-abi=hard -mfpu=neon-vfpv4 -mvectorize-with-neon-quad -pipe -mabi=aapcs-linux -Wno-psabi -Wa,-mno-warn-deprecated -Wno-deprecated-declarations -isystem/root/firmware/opt/vc/include -isystem/root/firmware/opt/vc/include/interface/vcos/pthreads -isystem/root/firmware/opt/vc/include/interface/vmcs_host/linux -DNDEBUG=1 -Os -isystem /root/kodi-rpi/raspberry-pi2-release/include -D_LARGEFILE64_SOURCE=1 ztest722491.c
Checking for stdarg.h... Yes.

=== ztest722491.c ===
#include <stdio.h>
#include <stdarg.h>
#include "zconf.h"
int main()
{
#ifndef STDC
  choke me
#endif
  return 0;
}
===
/root/tools/arm-bcm2708/arm-rpi-4.9.3-linux-gnueabihf/bin/arm-linux-gnueabihf-gcc -c -fPIC -mcpu=cortex-a7 -mfloat-abi=hard -mfpu=neon-vfpv4 -mvectorize-with-neon-quad -pipe -mabi=aapcs-linux -Wno-psabi -Wa,-mno-warn-deprecated -Wno-deprecated-declarations -isystem/root/firmware/opt/vc/include -isystem/root/firmware/opt/vc/include/interface/vcos/pthreads -isystem/root/firmware/opt/vc/include/interface/vmcs_host/linux -DNDEBUG=1 -Os -isystem /root/kodi-rpi/raspberry-pi2-release/include -D_LARGEFILE64_SOURCE=1 ztest722491.c
Checking whether to use vs[n]printf() or s[n]printf()... using vs[n]printf().

=== ztest722491.c ===
#include <stdio.h>
#include <stdarg.h>
int mytest(const char *fmt, ...)
{
  char buf[20];
  va_list ap;
  va_start(ap, fmt);
  vsnprintf(buf, sizeof(buf), fmt, ap);
  va_end(ap);
  return 0;
}
int main()
{
  return (mytest("Hello%d\n", 1));
}
===
/root/tools/arm-bcm2708/arm-rpi-4.9.3-linux-gnueabihf/bin/arm-linux-gnueabihf-gcc -fPIC -mcpu=cortex-a7 -mfloat-abi=hard -mfpu=neon-vfpv4 -mvectorize-with-neon-quad -pipe -mabi=aapcs-linux -Wno-psabi -Wa,-mno-warn-deprecated -Wno-deprecated-declarations -isystem/root/firmware/opt/vc/include -isystem/root/firmware/opt/vc/include/interface/vcos/pthreads -isystem/root/firmware/opt/vc/include/interface/vmcs_host/linux -DNDEBUG=1 -Os -isystem /root/kodi-rpi/raspberry-pi2-release/include -D_LARGEFILE64_SOURCE=1 -o ztest722491 ztest722491.c
Checking for vsnprintf() in stdio.h... Yes.

=== ztest722491.c ===
#include <stdio.h>
#include <stdarg.h>
int mytest(const char *fmt, ...)
{
  int n;
  char buf[20];
  va_list ap;
  va_start(ap, fmt);
  n = vsnprintf(buf, sizeof(buf), fmt, ap);
  va_end(ap);
  return n;
}
int main()
{
  return (mytest("Hello%d\n", 1));
}
===
/root/tools/arm-bcm2708/arm-rpi-4.9.3-linux-gnueabihf/bin/arm-linux-gnueabihf-gcc -c -fPIC -mcpu=cortex-a7 -mfloat-abi=hard -mfpu=neon-vfpv4 -mvectorize-with-neon-quad -pipe -mabi=aapcs-linux -Wno-psabi -Wa,-mno-warn-deprecated -Wno-deprecated-declarations -isystem/root/firmware/opt/vc/include -isystem/root/firmware/opt/vc/include/interface/vcos/pthreads -isystem/root/firmware/opt/vc/include/interface/vmcs_host/linux -DNDEBUG=1 -Os -isystem /root/kodi-rpi/raspberry-pi2-release/include -D_LARGEFILE64_SOURCE=1 ztest722491.c
Checking for return value of vsnprintf()... Yes.

=== ztest722491.c ===
#define ZLIB_INTERNAL __attribute__((visibility ("hidden")))
int ZLIB_INTERNAL foo;
int main()
{
  return 0;
}
===
/root/tools/arm-bcm2708/arm-rpi-4.9.3-linux-gnueabihf/bin/arm-linux-gnueabihf-gcc -c -fPIC -mcpu=cortex-a7 -mfloat-abi=hard -mfpu=neon-vfpv4 -mvectorize-with-neon-quad -pipe -mabi=aapcs-linux -Wno-psabi -Wa,-mno-warn-deprecated -Wno-deprecated-declarations -isystem/root/firmware/opt/vc/include -isystem/root/firmware/opt/vc/include/interface/vcos/pthreads -isystem/root/firmware/opt/vc/include/interface/vmcs_host/linux -DNDEBUG=1 -Os -isystem /root/kodi-rpi/raspberry-pi2-release/include -D_LARGEFILE64_SOURCE=1 ztest722491.c
Checking for attribute(visibility) support... Yes.

ALL = static all64
AR = /root/tools/arm-bcm2708/arm-rpi-4.9.3-linux-gnueabihf/bin/arm-linux-gnueabihf-ar
ARFLAGS = rc
CC = /root/tools/arm-bcm2708/arm-rpi-4.9.3-linux-gnueabihf/bin/arm-linux-gnueabihf-gcc
CFLAGS = -fPIC -mcpu=cortex-a7 -mfloat-abi=hard -mfpu=neon-vfpv4 -mvectorize-with-neon-quad -pipe -mabi=aapcs-linux -Wno-psabi -Wa,-mno-warn-deprecated -Wno-deprecated-declarations -isystem/root/firmware/opt/vc/include -isystem/root/firmware/opt/vc/include/interface/vcos/pthreads -isystem/root/firmware/opt/vc/include/interface/vmcs_host/linux -DNDEBUG=1 -Os -isystem /root/kodi-rpi/raspberry-pi2-release/include -D_LARGEFILE64_SOURCE=1 -DHAVE_HIDDEN
CPP = /root/tools/arm-bcm2708/arm-rpi-4.9.3-linux-gnueabihf/bin/arm-linux-gnueabihf-gcc -E
EXE =
LDCONFIG = ldconfig
LDFLAGS =
LDSHARED = /root/tools/arm-bcm2708/arm-rpi-4.9.3-linux-gnueabihf/bin/arm-linux-gnueabihf-gcc
LDSHAREDLIBC = -lc
OBJC = $(OBJZ) $(OBJG)
PIC_OBJC = $(PIC_OBJZ) $(PIC_OBJG)
RANLIB = /root/tools/arm-bcm2708/arm-rpi-4.9.3-linux-gnueabihf/bin/arm-linux-gnueabihf-ranlib
SFLAGS = -fPIC -mcpu=cortex-a7 -mfloat-abi=hard -mfpu=neon-vfpv4 -mvectorize-with-neon-quad -pipe -mabi=aapcs-linux -Wno-psabi -Wa,-mno-warn-deprecated -Wno-deprecated-declarations -isystem/root/firmware/opt/vc/include -isystem/root/firmware/opt/vc/include/interface/vcos/pthreads -isystem/root/firmware/opt/vc/include/interface/vmcs_host/linux -DNDEBUG=1 -Os -isystem /root/kodi-rpi/raspberry-pi2-release/include -fPIC -D_LARGEFILE64_SOURCE=1 -DHAVE_HIDDEN
SHAREDLIB =
SHAREDLIBM =
SHAREDLIBV =
STATICLIB = libz.a
TEST = all teststatic test64
VER = 1.2.11
Z_U4 =
SRCDIR =
exec_prefix = ${prefix}
includedir = ${prefix}/include
libdir = ${exec_prefix}/lib
mandir = ${prefix}/share/man
prefix = /root/kodi-rpi/raspberry-pi2-release
sharedlibdir = ${libdir}
uname = Linux
--------------------


